#
# There is insufficient memory for the Java Runtime Environment to continue.
# Native memory allocation (mmap) failed to map 87031808 bytes for committing reserved memory.
# Possible reasons:
#   The system is out of physical RAM or swap space
#   In 32 bit mode, the process size limit was hit
# Possible solutions:
#   Reduce memory load on the system
#   Increase physical memory or swap space
#   Check if swap backing store is full
#   Use 64 bit Java on a 64 bit OS
#   Decrease Java heap size (-Xmx/-Xms)
#   Decrease number of Java threads
#   Decrease Java thread stack sizes (-Xss)
#   Set larger code cache with -XX:ReservedCodeCacheSize=
# This output file may be truncated or incomplete.
#
#  Out of Memory Error (os_linux.cpp:2627), pid=23357, tid=0x00007fdd57b4c700
#
# JRE version:  (8.0_121-b13) (build )
# Java VM: OpenJDK 64-Bit Server VM (25.121-b13 mixed mode linux-amd64 compressed oops)
# Core dump written. Default location: /home/kevin/gits/SpillProsjekt/core or core.23357
#

---------------  T H R E A D  ---------------

Current thread (0x00007fdd50009800):  JavaThread "Unknown thread" [_thread_in_vm, id=23363, stack(0x00007fdd57a4c000,0x00007fdd57b4d000)]

Stack: [0x00007fdd57a4c000,0x00007fdd57b4d000],  sp=0x00007fdd57b4b690,  free space=1021k
Native frames: (J=compiled Java code, j=interpreted, Vv=VM code, C=native code)
V  [libjvm.so+0xa2ce3b]
V  [libjvm.so+0x4b2387]
V  [libjvm.so+0x885fd0]
V  [libjvm.so+0x880d0f]
V  [libjvm.so+0x8f879e]
V  [libjvm.so+0x8e97b3]
V  [libjvm.so+0x2a8ac1]
V  [libjvm.so+0x8a9dd3]
V  [libjvm.so+0x9f1ed1]
V  [libjvm.so+0x9f2123]
V  [libjvm.so+0x5f47d0]
V  [libjvm.so+0x9d6daa]
V  [libjvm.so+0x665a52]  JNI_CreateJavaVM+0x52
C  [libjli.so+0x2d17]
C  [libpthread.so.0+0x7454]  start_thread+0xc4


---------------  P R O C E S S  ---------------

Java Threads: ( => current thread )

Other Threads:

=>0x00007fdd50009800 (exited) JavaThread "Unknown thread" [_thread_in_vm, id=23363, stack(0x00007fdd57a4c000,0x00007fdd57b4d000)]

VM state:not at safepoint (not fully initialized)

VM Mutex/Monitor currently owned by a thread: None

GC Heap History (0 events):
No events

Deoptimization events (0 events):
No events

Internal exceptions (0 events):
No events

Events (0 events):
No events


Dynamic libraries:
00400000-00401000 r-xp 00000000 08:01 810498                             /usr/lib/jvm/java-8-openjdk/jre/bin/java
00600000-00601000 r--p 00000000 08:01 810498                             /usr/lib/jvm/java-8-openjdk/jre/bin/java
00601000-00602000 rw-p 00001000 08:01 810498                             /usr/lib/jvm/java-8-openjdk/jre/bin/java
017c8000-017e9000 rw-p 00000000 00:00 0                                  [heap]
8a500000-d7100000 ---p 00000000 00:00 0 
d7100000-d9a00000 rw-p 00000000 00:00 0 
d9a00000-100000000 ---p 00000000 00:00 0 
7fdd41000000-7fdd41270000 rwxp 00000000 00:00 0 
7fdd41270000-7fdd50000000 ---p 00000000 00:00 0 
7fdd50000000-7fdd50033000 rw-p 00000000 00:00 0 
7fdd50033000-7fdd54000000 ---p 00000000 00:00 0 
7fdd5433a000-7fdd545c9000 ---p 00000000 00:00 0 
7fdd545c9000-7fdd545de000 rw-p 00000000 00:00 0 
7fdd545de000-7fdd54711000 ---p 00000000 00:00 0 
7fdd54711000-7fdd5471c000 rw-p 00000000 00:00 0 
7fdd5471c000-7fdd54ad2000 ---p 00000000 00:00 0 
7fdd54ad2000-7fdd54ada000 r-xp 00000000 08:01 810584                     /usr/lib/jvm/java-8-openjdk/jre/lib/amd64/libzip.so
7fdd54ada000-7fdd54cd9000 ---p 00008000 08:01 810584                     /usr/lib/jvm/java-8-openjdk/jre/lib/amd64/libzip.so
7fdd54cd9000-7fdd54cda000 r--p 00007000 08:01 810584                     /usr/lib/jvm/java-8-openjdk/jre/lib/amd64/libzip.so
7fdd54cda000-7fdd54cdb000 rw-p 00008000 08:01 810584                     /usr/lib/jvm/java-8-openjdk/jre/lib/amd64/libzip.so
7fdd54cdb000-7fdd54ce5000 r-xp 00000000 08:01 1838299                    /usr/lib/libnss_files-2.24.so
7fdd54ce5000-7fdd54ee5000 ---p 0000a000 08:01 1838299                    /usr/lib/libnss_files-2.24.so
7fdd54ee5000-7fdd54ee6000 r--p 0000a000 08:01 1838299                    /usr/lib/libnss_files-2.24.so
7fdd54ee6000-7fdd54ee7000 rw-p 0000b000 08:01 1838299                    /usr/lib/libnss_files-2.24.so
7fdd54ee7000-7fdd54eed000 rw-p 00000000 00:00 0 
7fdd54eed000-7fdd54ef8000 r-xp 00000000 08:01 1838301                    /usr/lib/libnss_nis-2.24.so
7fdd54ef8000-7fdd550f7000 ---p 0000b000 08:01 1838301                    /usr/lib/libnss_nis-2.24.so
7fdd550f7000-7fdd550f8000 r--p 0000a000 08:01 1838301                    /usr/lib/libnss_nis-2.24.so
7fdd550f8000-7fdd550f9000 rw-p 0000b000 08:01 1838301                    /usr/lib/libnss_nis-2.24.so
7fdd550f9000-7fdd5510d000 r-xp 00000000 08:01 1838305                    /usr/lib/libnsl-2.24.so
7fdd5510d000-7fdd5530d000 ---p 00014000 08:01 1838305                    /usr/lib/libnsl-2.24.so
7fdd5530d000-7fdd5530e000 r--p 00014000 08:01 1838305                    /usr/lib/libnsl-2.24.so
7fdd5530e000-7fdd5530f000 rw-p 00015000 08:01 1838305                    /usr/lib/libnsl-2.24.so
7fdd5530f000-7fdd55311000 rw-p 00000000 00:00 0 
7fdd55311000-7fdd55318000 r-xp 00000000 08:01 1838296                    /usr/lib/libnss_compat-2.24.so
7fdd55318000-7fdd55517000 ---p 00007000 08:01 1838296                    /usr/lib/libnss_compat-2.24.so
7fdd55517000-7fdd55518000 r--p 00006000 08:01 1838296                    /usr/lib/libnss_compat-2.24.so
7fdd55518000-7fdd55519000 rw-p 00007000 08:01 1838296                    /usr/lib/libnss_compat-2.24.so
7fdd55519000-7fdd55546000 r-xp 00000000 08:01 810580                     /usr/lib/jvm/java-8-openjdk/jre/lib/amd64/libjava.so
7fdd55546000-7fdd55745000 ---p 0002d000 08:01 810580                     /usr/lib/jvm/java-8-openjdk/jre/lib/amd64/libjava.so
7fdd55745000-7fdd55746000 r--p 0002c000 08:01 810580                     /usr/lib/jvm/java-8-openjdk/jre/lib/amd64/libjava.so
7fdd55746000-7fdd55748000 rw-p 0002d000 08:01 810580                     /usr/lib/jvm/java-8-openjdk/jre/lib/amd64/libjava.so
7fdd55748000-7fdd55755000 r-xp 00000000 08:01 810563                     /usr/lib/jvm/java-8-openjdk/jre/lib/amd64/libverify.so
7fdd55755000-7fdd55954000 ---p 0000d000 08:01 810563                     /usr/lib/jvm/java-8-openjdk/jre/lib/amd64/libverify.so
7fdd55954000-7fdd55956000 r--p 0000c000 08:01 810563                     /usr/lib/jvm/java-8-openjdk/jre/lib/amd64/libverify.so
7fdd55956000-7fdd55957000 rw-p 0000e000 08:01 810563                     /usr/lib/jvm/java-8-openjdk/jre/lib/amd64/libverify.so
7fdd55957000-7fdd5595e000 r-xp 00000000 08:01 1838307                    /usr/lib/librt-2.24.so
7fdd5595e000-7fdd55b5d000 ---p 00007000 08:01 1838307                    /usr/lib/librt-2.24.so
7fdd55b5d000-7fdd55b5e000 r--p 00006000 08:01 1838307                    /usr/lib/librt-2.24.so
7fdd55b5e000-7fdd55b5f000 rw-p 00007000 08:01 1838307                    /usr/lib/librt-2.24.so
7fdd55b5f000-7fdd55c62000 r-xp 00000000 08:01 1838304                    /usr/lib/libm-2.24.so
7fdd55c62000-7fdd55e61000 ---p 00103000 08:01 1838304                    /usr/lib/libm-2.24.so
7fdd55e61000-7fdd55e62000 r--p 00102000 08:01 1838304                    /usr/lib/libm-2.24.so
7fdd55e62000-7fdd55e63000 rw-p 00103000 08:01 1838304                    /usr/lib/libm-2.24.so
7fdd55e63000-7fdd56a8e000 r-xp 00000000 08:01 918179                     /usr/lib/jvm/java-8-openjdk/jre/lib/amd64/server/libjvm.so
7fdd56a8e000-7fdd56c8d000 ---p 00c2b000 08:01 918179                     /usr/lib/jvm/java-8-openjdk/jre/lib/amd64/server/libjvm.so
7fdd56c8d000-7fdd56d21000 r--p 00c2a000 08:01 918179                     /usr/lib/jvm/java-8-openjdk/jre/lib/amd64/server/libjvm.so
7fdd56d21000-7fdd56d4a000 rw-p 00cbe000 08:01 918179                     /usr/lib/jvm/java-8-openjdk/jre/lib/amd64/server/libjvm.so
7fdd56d4a000-7fdd56d7a000 rw-p 00000000 00:00 0 
7fdd56d7a000-7fdd56f0f000 r-xp 00000000 08:01 1838246                    /usr/lib/libc-2.24.so
7fdd56f0f000-7fdd5710e000 ---p 00195000 08:01 1838246                    /usr/lib/libc-2.24.so
7fdd5710e000-7fdd57112000 r--p 00194000 08:01 1838246                    /usr/lib/libc-2.24.so
7fdd57112000-7fdd57114000 rw-p 00198000 08:01 1838246                    /usr/lib/libc-2.24.so
7fdd57114000-7fdd57118000 rw-p 00000000 00:00 0 
7fdd57118000-7fdd5711a000 r-xp 00000000 08:01 1838303                    /usr/lib/libdl-2.24.so
7fdd5711a000-7fdd5731a000 ---p 00002000 08:01 1838303                    /usr/lib/libdl-2.24.so
7fdd5731a000-7fdd5731b000 r--p 00002000 08:01 1838303                    /usr/lib/libdl-2.24.so
7fdd5731b000-7fdd5731c000 rw-p 00003000 08:01 1838303                    /usr/lib/libdl-2.24.so
7fdd5731c000-7fdd57329000 r-xp 00000000 08:01 918194                     /usr/lib/jvm/java-8-openjdk/jre/lib/amd64/jli/libjli.so
7fdd57329000-7fdd57528000 ---p 0000d000 08:01 918194                     /usr/lib/jvm/java-8-openjdk/jre/lib/amd64/jli/libjli.so
7fdd57528000-7fdd57529000 r--p 0000c000 08:01 918194                     /usr/lib/jvm/java-8-openjdk/jre/lib/amd64/jli/libjli.so
7fdd57529000-7fdd5752a000 rw-p 0000d000 08:01 918194                     /usr/lib/jvm/java-8-openjdk/jre/lib/amd64/jli/libjli.so
7fdd5752a000-7fdd57540000 r-xp 00000000 08:01 1845780                    /usr/lib/libz.so.1.2.11
7fdd57540000-7fdd5773f000 ---p 00016000 08:01 1845780                    /usr/lib/libz.so.1.2.11
7fdd5773f000-7fdd57740000 r--p 00015000 08:01 1845780                    /usr/lib/libz.so.1.2.11
7fdd57740000-7fdd57741000 rw-p 00016000 08:01 1845780                    /usr/lib/libz.so.1.2.11
7fdd57741000-7fdd57759000 r-xp 00000000 08:01 1838227                    /usr/lib/libpthread-2.24.so
7fdd57759000-7fdd57958000 ---p 00018000 08:01 1838227                    /usr/lib/libpthread-2.24.so
7fdd57958000-7fdd57959000 r--p 00017000 08:01 1838227                    /usr/lib/libpthread-2.24.so
7fdd57959000-7fdd5795a000 rw-p 00018000 08:01 1838227                    /usr/lib/libpthread-2.24.so
7fdd5795a000-7fdd5795e000 rw-p 00000000 00:00 0 
7fdd5795e000-7fdd57981000 r-xp 00000000 08:01 1838245                    /usr/lib/ld-2.24.so
7fdd57a4c000-7fdd57a4f000 ---p 00000000 00:00 0 
7fdd57a4f000-7fdd57b4f000 rw-p 00000000 00:00 0 
7fdd57b74000-7fdd57b7c000 rw-s 00000000 00:23 917369                     /tmp/hsperfdata_kevin/23357
7fdd57b7c000-7fdd57b7d000 rw-p 00000000 00:00 0 
7fdd57b7d000-7fdd57b7e000 r--p 00000000 00:00 0 
7fdd57b7e000-7fdd57b80000 rw-p 00000000 00:00 0 
7fdd57b80000-7fdd57b81000 r--p 00022000 08:01 1838245                    /usr/lib/ld-2.24.so
7fdd57b81000-7fdd57b82000 rw-p 00023000 08:01 1838245                    /usr/lib/ld-2.24.so
7fdd57b82000-7fdd57b83000 rw-p 00000000 00:00 0 
7fffc5b9b000-7fffc5bbc000 rw-p 00000000 00:00 0                          [stack]
7fffc5bca000-7fffc5bcc000 r--p 00000000 00:00 0                          [vvar]
7fffc5bcc000-7fffc5bce000 r-xp 00000000 00:00 0                          [vdso]
ffffffffff600000-ffffffffff601000 r-xp 00000000 00:00 0                  [vsyscall]

VM Arguments:
jvm_args: -Dfile.encoding=UTF-8 
java_command: com.kevin.MovingSpriteEx
java_class_path (initial): /home/kevin/gits/SpillProsjekt/bin
Launcher Type: SUN_STANDARD

Environment Variables:
PATH=/usr/local/sbin:/usr/local/bin:/usr/bin:/usr/lib/jvm/default/bin:/usr/lib32/jvm/default/bin:/usr/bin/site_perl:/usr/bin/vendor_perl:/usr/bin/core_perl
SHELL=/bin/bash
DISPLAY=:0

Signal Handlers:
SIGSEGV: [libjvm.so+0xa2d880], sa_mask[0]=11111111011111111101111111111110, sa_flags=SA_RESTART|SA_SIGINFO
SIGBUS: [libjvm.so+0xa2d880], sa_mask[0]=11111111011111111101111111111110, sa_flags=SA_RESTART|SA_SIGINFO
SIGFPE: [libjvm.so+0x881d40], sa_mask[0]=11111111011111111101111111111110, sa_flags=SA_RESTART|SA_SIGINFO
SIGPIPE: [libjvm.so+0x881d40], sa_mask[0]=11111111011111111101111111111110, sa_flags=SA_RESTART|SA_SIGINFO
SIGXFSZ: [libjvm.so+0x881d40], sa_mask[0]=11111111011111111101111111111110, sa_flags=SA_RESTART|SA_SIGINFO
SIGILL: [libjvm.so+0x881d40], sa_mask[0]=11111111011111111101111111111110, sa_flags=SA_RESTART|SA_SIGINFO
SIGUSR1: SIG_DFL, sa_mask[0]=00000000000000000000000000000000, sa_flags=none
SIGUSR2: [libjvm.so+0x881c10], sa_mask[0]=00100000000000000000000000000000, sa_flags=SA_RESTART|SA_SIGINFO
SIGHUP: SIG_DFL, sa_mask[0]=00000000000000000000000000000000, sa_flags=none
SIGINT: SIG_DFL, sa_mask[0]=00000000000000000000000000000000, sa_flags=none
SIGTERM: SIG_DFL, sa_mask[0]=00000000000000000000000000000000, sa_flags=none
SIGQUIT: SIG_DFL, sa_mask[0]=00000000000000000000000000000000, sa_flags=none


---------------  S Y S T E M  ---------------

OS:NAME="Arch Linux"
PRETTY_NAME="Arch Linux"
ID=arch
ID_LIKE=archlinux
ANSI_COLOR="0;36"
HOME_URL="https://www.archlinux.org/"
SUPPORT_URL="https://bbs.archlinux.org/"
BUG_REPORT_URL="https://bugs.archlinux.org/"


uname:Linux 4.8.13-1-ARCH #1 SMP PREEMPT Fri Dec 9 07:24:34 CET 2016 x86_64
libc:glibc 2.24 NPTL 2.24 
rlimit: STACK 8192k, CORE infinity, NPROC 31404, NOFILE 4096, AS infinity
load average:1.01 1.41 1.11

/proc/meminfo:
MemTotal:        8048688 kB
MemFree:          116896 kB
MemAvailable:      22332 kB
Buffers:            1948 kB
Cached:          1253932 kB
SwapCached:            0 kB
Active:          6427328 kB
Inactive:        1231224 kB
Active(anon):    6412828 kB
Inactive(anon):  1218152 kB
Active(file):      14500 kB
Inactive(file):    13072 kB
Unevictable:         144 kB
Mlocked:             144 kB
SwapTotal:             0 kB
SwapFree:              0 kB
Dirty:               308 kB
Writeback:             0 kB
AnonPages:       6403560 kB
Mapped:           611420 kB
Shmem:           1227564 kB
Slab:             103604 kB
SReclaimable:      52952 kB
SUnreclaim:        50652 kB
KernelStack:       15696 kB
PageTables:        82268 kB
NFS_Unstable:          0 kB
Bounce:                0 kB
WritebackTmp:          0 kB
CommitLimit:     4024344 kB
Committed_AS:   15280512 kB
VmallocTotal:   34359738367 kB
VmallocUsed:           0 kB
VmallocChunk:          0 kB
HardwareCorrupted:     0 kB
AnonHugePages:   3008512 kB
ShmemHugePages:        0 kB
ShmemPmdMapped:        0 kB
HugePages_Total:       0
HugePages_Free:        0
HugePages_Rsvd:        0
HugePages_Surp:        0
Hugepagesize:       2048 kB
DirectMap4k:      210824 kB
DirectMap2M:     8046592 kB


CPU:total 4 (2 cores per cpu, 2 threads per core) family 6 model 58 stepping 9, cmov, cx8, fxsr, mmx, sse, sse2, sse3, ssse3, sse4.1, sse4.2, popcnt, avx, aes, clmul, erms, ht, tsc, tscinvbit, tscinv

/proc/cpuinfo:
processor	: 0
vendor_id	: GenuineIntel
cpu family	: 6
model		: 58
model name	: Intel(R) Core(TM) i5-3337U CPU @ 1.80GHz
stepping	: 9
microcode	: 0x15
cpu MHz		: 2499.938
cache size	: 3072 KB
physical id	: 0
siblings	: 4
core id		: 0
cpu cores	: 2
apicid		: 0
initial apicid	: 0
fpu		: yes
fpu_exception	: yes
cpuid level	: 13
wp		: yes
flags		: fpu vme de pse tsc msr pae mce cx8 apic sep mtrr pge mca cmov pat pse36 clflush dts acpi mmx fxsr sse sse2 ss ht tm pbe syscall nx rdtscp lm constant_tsc arch_perfmon pebs bts rep_good nopl xtopology nonstop_tsc aperfmperf eagerfpu pni pclmulqdq dtes64 monitor ds_cpl vmx est tm2 ssse3 cx16 xtpr pdcm pcid sse4_1 sse4_2 x2apic popcnt tsc_deadline_timer aes xsave avx f16c rdrand lahf_lm epb tpr_shadow vnmi flexpriority ept vpid fsgsbase smep erms xsaveopt dtherm ida arat pln pts
bugs		:
bogomips	: 3593.37
clflush size	: 64
cache_alignment	: 64
address sizes	: 36 bits physical, 48 bits virtual
power management:

processor	: 1
vendor_id	: GenuineIntel
cpu family	: 6
model		: 58
model name	: Intel(R) Core(TM) i5-3337U CPU @ 1.80GHz
stepping	: 9
microcode	: 0x15
cpu MHz		: 2499.938
cache size	: 3072 KB
physical id	: 0
siblings	: 4
core id		: 1
cpu cores	: 2
apicid		: 2
initial apicid	: 2
fpu		: yes
fpu_exception	: yes
cpuid level	: 13
wp		: yes
flags		: fpu vme de pse tsc msr pae mce cx8 apic sep mtrr pge mca cmov pat pse36 clflush dts acpi mmx fxsr sse sse2 ss ht tm pbe syscall nx rdtscp lm constant_tsc arch_perfmon pebs bts rep_good nopl xtopology nonstop_tsc aperfmperf eagerfpu pni pclmulqdq dtes64 monitor ds_cpl vmx est tm2 ssse3 cx16 xtpr pdcm pcid sse4_1 sse4_2 x2apic popcnt tsc_deadline_timer aes xsave avx f16c rdrand lahf_lm epb tpr_shadow vnmi flexpriority ept vpid fsgsbase smep erms xsaveopt dtherm ida arat pln pts
bugs		:
bogomips	: 3594.63
clflush size	: 64
cache_alignment	: 64
address sizes	: 36 bits physical, 48 bits virtual
power management:

processor	: 2
vendor_id	: GenuineIntel
cpu family	: 6
model		: 58
model name	: Intel(R) Core(TM) i5-3337U CPU @ 1.80GHz
stepping	: 9
microcode	: 0x15
cpu MHz		: 2449.401
cache size	: 3072 KB
physical id	: 0
siblings	: 4
core id		: 0
cpu cores	: 2
apicid		: 1
initial apicid	: 1
fpu		: yes
fpu_exception	: yes
cpuid level	: 13
wp		: yes
flags		: fpu vme de pse tsc msr pae mce cx8 apic sep mtrr pge mca cmov pat pse36 clflush dts acpi mmx fxsr sse sse2 ss ht tm pbe syscall nx rdtscp lm constant_tsc arch_perfmon pebs bts rep_good nopl xtopology nonstop_tsc aperfmperf eagerfpu pni pclmulqdq dtes64 monitor ds_cpl vmx est tm2 ssse3 cx16 xtpr pdcm pcid sse4_1 sse4_2 x2apic popcnt tsc_deadline_timer aes xsave avx f16c rdrand lahf_lm epb tpr_shadow vnmi flexpriority ept vpid fsgsbase smep erms xsaveopt dtherm ida arat pln pts
bugs		:
bogomips	: 3595.50
clflush size	: 64
cache_alignment	: 64
address sizes	: 36 bits physical, 48 bits virtual
power management:

processor	: 3
vendor_id	: GenuineIntel
cpu family	: 6
model		: 58
model name	: Intel(R) Core(TM) i5-3337U CPU @ 1.80GHz
stepping	: 9
microcode	: 0x15
cpu MHz		: 2499.609
cache size	: 3072 KB
physical id	: 0
siblings	: 4
core id		: 1
cpu cores	: 2
apicid		: 3
initial apicid	: 3
fpu		: yes
fpu_exception	: yes
cpuid level	: 13
wp		: yes
flags		: fpu vme de pse tsc msr pae mce cx8 apic sep mtrr pge mca cmov pat pse36 clflush dts acpi mmx fxsr sse sse2 ss ht tm pbe syscall nx rdtscp lm constant_tsc arch_perfmon pebs bts rep_good nopl xtopology nonstop_tsc aperfmperf eagerfpu pni pclmulqdq dtes64 monitor ds_cpl vmx est tm2 ssse3 cx16 xtpr pdcm pcid sse4_1 sse4_2 x2apic popcnt tsc_deadline_timer aes xsave avx f16c rdrand lahf_lm epb tpr_shadow vnmi flexpriority ept vpid fsgsbase smep erms xsaveopt dtherm ida arat pln pts
bugs		:
bogomips	: 3594.88
clflush size	: 64
cache_alignment	: 64
address sizes	: 36 bits physical, 48 bits virtual
power management:



Memory: 4k page, physical 8048688k(117068k free), swap 0k(0k free)

vm_info: OpenJDK 64-Bit Server VM (25.121-b13) for linux-amd64 JRE (1.8.0_121-b13), built on Jan 22 2017 09:22:31 by "builduser" with gcc 6.3.1 20170109

time: Wed Mar 29 11:19:22 2017
elapsed time: 0 seconds (0d 0h 0m 0s)

